<?xml version="1.0" encoding="UTF-8"?>
<testng-results total="2" passed="2" failed="0" skipped="0">
  <reporter-output>
  </reporter-output>
  <suite started-at="2022-06-24T10:49:53Z" name="Suite" finished-at="2022-06-24T10:50:01Z" duration-ms="7299">
    <groups>
    </groups>
    <test started-at="2022-06-24T10:49:53Z" name="Test" finished-at="2022-06-24T10:50:01Z" duration-ms="7299">
      <class name="com.todos.tests.RemoveTodoTest">
        <test-method is-config="true" signature="setupTest(java.lang.String)[pri:0, instance:com.todos.tests.RemoveTodoTest@404bbcbd]" started-at="2022-06-24T11:49:57Z" name="setupTest" finished-at="2022-06-24T11:50:00Z" duration-ms="2361" status="PASS">
          <params>
            <param index="0">
              <value>
                <![CDATA[chrome]]>
              </value>
            </param>
          </params>
          <reporter-output>
          </reporter-output>
        </test-method> <!-- setupTest -->
        <test-method signature="iCanRemoveTod()[pri:0, instance:com.todos.tests.RemoveTodoTest@404bbcbd]" started-at="2022-06-24T11:50:00Z" name="iCanRemoveTod" finished-at="2022-06-24T11:50:00Z" duration-ms="210" status="PASS">
          <reporter-output>
          </reporter-output>
        </test-method> <!-- iCanRemoveTod -->
        <test-method is-config="true" signature="cleanTest()[pri:0, instance:com.todos.tests.RemoveTodoTest@404bbcbd]" started-at="2022-06-24T11:50:00Z" name="cleanTest" finished-at="2022-06-24T11:50:01Z" duration-ms="849" status="PASS">
          <reporter-output>
          </reporter-output>
        </test-method> <!-- cleanTest -->
      </class> <!-- com.todos.tests.RemoveTodoTest -->
      <class name="com.todos.tests.AddTodoTest">
        <test-method is-config="true" signature="setupTest(java.lang.String)[pri:0, instance:com.todos.tests.AddTodoTest@45ac5f9b]" started-at="2022-06-24T11:49:53Z" name="setupTest" finished-at="2022-06-24T11:49:56Z" duration-ms="2728" status="PASS">
          <params>
            <param index="0">
              <value>
                <![CDATA[chrome]]>
              </value>
            </param>
          </params>
          <reporter-output>
          </reporter-output>
        </test-method> <!-- setupTest -->
        <test-method signature="iCanAddToDo()[pri:0, instance:com.todos.tests.AddTodoTest@45ac5f9b]" started-at="2022-06-24T11:49:56Z" name="iCanAddToDo" finished-at="2022-06-24T11:49:56Z" duration-ms="314" status="PASS">
          <reporter-output>
          </reporter-output>
        </test-method> <!-- iCanAddToDo -->
        <test-method is-config="true" signature="cleanTest()[pri:0, instance:com.todos.tests.AddTodoTest@45ac5f9b]" started-at="2022-06-24T11:49:56Z" name="cleanTest" finished-at="2022-06-24T11:49:57Z" duration-ms="821" status="PASS">
          <reporter-output>
          </reporter-output>
        </test-method> <!-- cleanTest -->
      </class> <!-- com.todos.tests.AddTodoTest -->
    </test> <!-- Test -->
  </suite> <!-- Suite -->
</testng-results>
